# !SESSION 2024-04-17 15:10:07.607
# version: 1.1
# verbose: true
# The following option strings are specified for this debug session:
# 	null
| Worker-10: 正在刷新工作空间 | 2024-04-17 15:10:07.607 | com.iar.ide.common | /debug | com.iar.ide.common.PlatformLoggerDelegate | traceFile | 74 | com.iar.cdt.generic.toolchain WARN MBS project not found for project event H7CDC |
| Worker-10: 正在刷新工作空间 | 2024-04-17 15:10:07.611 | com.iar.ide.common | /debug | com.iar.ide.common.PlatformLoggerDelegate | traceFile | 74 | com.iar.cdt.generic.toolchain WARN MBS project not found for project event H7CDC |
| Worker-10: 正在刷新工作空间 | 2024-04-17 15:10:07.636 | com.iar.ide.common | /debug | com.iar.ide.common.PlatformLoggerDelegate | traceFile | 74 | com.iar.cdt.generic.toolchain WARN MBS project not found for project event H7CDC |
| Worker-10: 正在刷新工作空间 | 2024-04-17 15:10:07.638 | com.iar.ide.common | /debug | com.iar.ide.common.PlatformLoggerDelegate | traceFile | 74 | com.iar.cdt.generic.toolchain WARN MBS project not found for project event H7CDC |
| Worker-10: 正在刷新工作空间 | 2024-04-17 15:10:07.640 | com.iar.ide.common | /debug | com.iar.ide.common.PlatformLoggerDelegate | traceFile | 74 | com.iar.cdt.generic.toolchain WARN MBS project not found for project event H7CDC |
| Worker-10: 正在刷新工作空间 | 2024-04-17 15:10:07.642 | com.iar.ide.common | /debug | com.iar.ide.common.PlatformLoggerDelegate | traceFile | 74 | com.iar.cdt.generic.toolchain WARN MBS project not found for project event H7CDC |
| Worker-34: 构建工作空间 | 2024-04-17 15:11:08.201 | com.iar.ide.common | /debug | com.iar.ide.common.PlatformLoggerDelegate | traceFile | 74 | com.iar.cdt.generic.toolchain WARN MBS project not found for project event H7CDC |
| Worker-34: 构建工作空间 | 2024-04-17 15:11:08.203 | com.iar.ide.common | /debug | com.iar.ide.common.PlatformLoggerDelegate | traceFile | 74 | com.iar.cdt.generic.toolchain WARN MBS project not found for project event H7CDC |
| Worker-34: 构建工作空间 | 2024-04-17 15:11:08.245 | com.iar.ide.common | /debug | com.iar.ide.common.PlatformLoggerDelegate | traceFile | 74 | com.iar.cdt.generic.toolchain WARN MBS project not found for project event H7CDC |
| Worker-34: 构建工作空间 | 2024-04-17 15:11:08.247 | com.iar.ide.common | /debug | com.iar.ide.common.PlatformLoggerDelegate | traceFile | 74 | com.iar.cdt.generic.toolchain WARN MBS project not found for project event H7CDC |
| Worker-34: 构建工作空间 | 2024-04-17 15:11:08.249 | com.iar.ide.common | /debug | com.iar.ide.common.PlatformLoggerDelegate | traceFile | 74 | com.iar.cdt.generic.toolchain WARN MBS project not found for project event H7CDC |
| Worker-25: Serializing CDT Project settings..  | 2024-04-17 15:11:08.291 | com.iar.ide.common | /debug | com.iar.ide.common.PlatformLoggerDelegate | traceFile | 74 | com.iar.cdt.generic.toolchain WARN MBS project not found for project event H7CDC |
| Worker-25: Serializing CDT Project settings..  | 2024-04-17 15:11:08.292 | com.iar.ide.common | /debug | com.iar.ide.common.PlatformLoggerDelegate | traceFile | 74 | com.iar.cdt.generic.toolchain WARN MBS project not found for project event H7CDC |
| Worker-27: Serializing CDT Project settings..  | 2024-04-17 15:11:14.894 | com.iar.ide.common | /debug | com.iar.ide.common.PlatformLoggerDelegate | traceFile | 74 | com.iar.cdt.generic.toolchain WARN MBS project not found for project event H7CDC |
| Worker-27: Serializing CDT Project settings..  | 2024-04-17 15:11:14.897 | com.iar.ide.common | /debug | com.iar.ide.common.PlatformLoggerDelegate | traceFile | 74 | com.iar.cdt.generic.toolchain WARN MBS project not found for project event H7CDC |
| Worker-10: 构建工作空间 | 2024-04-17 15:11:16.477 | com.iar.ide.common | /debug | com.iar.ide.common.PlatformLoggerDelegate | traceFile | 74 | com.iar.cdt.generic.toolchain WARN MBS project not found for project event H7CDC |
| Worker-10: 构建工作空间 | 2024-04-17 15:11:16.478 | com.iar.ide.common | /debug | com.iar.ide.common.PlatformLoggerDelegate | traceFile | 74 | com.iar.cdt.generic.toolchain WARN MBS project not found for project event H7CDC |
| Worker-10: 构建工作空间 | 2024-04-17 15:11:16.489 | com.iar.ide.common | /debug | com.iar.ide.common.PlatformLoggerDelegate | traceFile | 74 | com.iar.cdt.generic.toolchain WARN MBS project not found for project event H7CDC |
| Worker-10: 构建工作空间 | 2024-04-17 15:11:16.490 | com.iar.ide.common | /debug | com.iar.ide.common.PlatformLoggerDelegate | traceFile | 74 | com.iar.cdt.generic.toolchain WARN MBS project not found for project event H7CDC |
| Worker-10: 构建工作空间 | 2024-04-17 15:11:16.491 | com.iar.ide.common | /debug | com.iar.ide.common.PlatformLoggerDelegate | traceFile | 74 | com.iar.cdt.generic.toolchain WARN MBS project not found for project event H7CDC |
| main | 2024-04-17 15:11:32.038 | com.iar.ide.common | /debug | com.iar.ide.common.PlatformLoggerDelegate | traceFile | 74 | com.iar.cdt.generic.toolchain WARN MBS project not found for project event H7CDC |
| main | 2024-04-17 15:11:32.040 | com.iar.ide.common | /debug | com.iar.ide.common.PlatformLoggerDelegate | traceFile | 74 | com.iar.cdt.generic.toolchain WARN MBS project not found for project event H7CDC |
| main | 2024-04-17 15:13:58.819 | com.iar.ide.common | /debug | com.iar.ide.common.PlatformLoggerDelegate | traceFile | 74 | com.iar.cdt.generic.toolchain WARN MBS project not found for project event H7CDC |
| main | 2024-04-17 15:13:58.819 | com.iar.ide.common | /debug | com.iar.ide.common.PlatformLoggerDelegate | traceFile | 74 | com.iar.cdt.generic.toolchain WARN MBS project not found for project event H7CDC |
| main | 2024-04-17 15:13:58.864 | com.iar.ide.common | /debug | com.iar.ide.common.PlatformLoggerDelegate | traceFile | 74 | com.iar.cdt.generic.toolchain WARN MBS project not found for project event H7CDC |
| main | 2024-04-17 15:13:58.865 | com.iar.ide.common | /debug | com.iar.ide.common.PlatformLoggerDelegate | traceFile | 74 | com.iar.cdt.generic.toolchain WARN MBS project not found for project event H7CDC |
| Worker-25: 打开项目 | 2024-04-17 15:14:33.522 | com.iar.ide.common | /debug | com.iar.ide.common.PlatformLoggerDelegate | traceFile | 74 | com.iar.cdt.generic.toolchain WARN MBS project not found for project event H7CDC |
| Worker-25: 打开项目 | 2024-04-17 15:14:33.523 | com.iar.ide.common | /debug | com.iar.ide.common.PlatformLoggerDelegate | traceFile | 74 | com.iar.cdt.generic.toolchain WARN MBS project not found for project event H7CDC |
| Worker-25: 打开项目 | 2024-04-17 15:14:33.524 | com.iar.ide.common | /debug | com.iar.ide.common.PlatformLoggerDelegate | traceFile | 74 | com.iar.cdt.generic.toolchain WARN MBS project not found for project event H7CDC |
| Worker-25: 打开项目 | 2024-04-17 15:14:33.524 | com.iar.ide.common | /debug | com.iar.ide.common.PlatformLoggerDelegate | traceFile | 74 | com.iar.cdt.generic.toolchain WARN MBS project not found for project event H7CDC |
| main | 2024-04-17 15:14:57.961 | com.iar.ide.common | /debug | com.iar.ide.common.PlatformLoggerDelegate | traceFile | 74 | com.iar.cdt.generic.toolchain WARN MBS project not found for project event H7CDC |
| main | 2024-04-17 15:14:57.962 | com.iar.ide.common | /debug | com.iar.ide.common.PlatformLoggerDelegate | traceFile | 74 | com.iar.cdt.generic.toolchain WARN MBS project not found for project event H7CDC |
| Worker-42: 打开项目 | 2024-04-17 15:45:09.849 | com.iar.ide.common | /debug | com.iar.ide.common.PlatformLoggerDelegate | traceFile | 74 | com.iar.cdt.generic.toolchain WARN MBS project not found for project event H7CDC |
| Worker-42: 打开项目 | 2024-04-17 15:45:09.850 | com.iar.ide.common | /debug | com.iar.ide.common.PlatformLoggerDelegate | traceFile | 74 | com.iar.cdt.generic.toolchain WARN MBS project not found for project event H7CDC |
| Worker-42: 打开项目 | 2024-04-17 15:45:09.860 | com.iar.ide.common | /debug | com.iar.ide.common.PlatformLoggerDelegate | traceFile | 74 | com.iar.cdt.generic.toolchain WARN MBS project not found for project event H7CDC |
| main | 2024-04-17 15:45:09.860 | com.iar.ide.common | /debug | com.iar.ide.common.PlatformLoggerDelegate | traceFile | 74 | com.iar.cdt.generic.toolchain WARN MBS project not found for project event H7CDC |
| Worker-42: 打开项目 | 2024-04-17 15:45:09.861 | com.iar.ide.common | /debug | com.iar.ide.common.PlatformLoggerDelegate | traceFile | 74 | com.iar.cdt.generic.toolchain WARN MBS project not found for project event H7CDC |
| main | 2024-04-17 15:45:09.862 | com.iar.ide.common | /debug | com.iar.ide.common.PlatformLoggerDelegate | traceFile | 74 | com.iar.cdt.generic.toolchain WARN MBS project not found for project event H7CDC |
| Worker-42: 打开项目 | 2024-04-17 15:45:09.863 | com.iar.ide.common | /debug | com.iar.ide.common.PlatformLoggerDelegate | traceFile | 74 | com.iar.cdt.generic.toolchain WARN MBS project not found for project event H7CDC |
| Worker-42: 打开项目 | 2024-04-17 15:45:09.865 | com.iar.ide.common | /debug | com.iar.ide.common.PlatformLoggerDelegate | traceFile | 74 | com.iar.cdt.generic.toolchain WARN MBS project not found for project event H7CDC |
| Worker-45: 构建工作空间 | 2024-04-17 15:47:46.347 | com.iar.ide.common | /debug | com.iar.ide.common.PlatformLoggerDelegate | traceFile | 74 | com.iar.cdt.generic.toolchain WARN MBS project not found for project event H7CDC |
| Worker-45: 构建工作空间 | 2024-04-17 15:47:46.349 | com.iar.ide.common | /debug | com.iar.ide.common.PlatformLoggerDelegate | traceFile | 74 | com.iar.cdt.generic.toolchain WARN MBS project not found for project event H7CDC |
| Worker-45: 构建工作空间 | 2024-04-17 15:47:46.354 | com.iar.ide.common | /debug | com.iar.ide.common.PlatformLoggerDelegate | traceFile | 74 | com.iar.cdt.generic.toolchain WARN MBS project not found for project event H7CDC |
| Worker-45: 构建工作空间 | 2024-04-17 15:47:46.355 | com.iar.ide.common | /debug | com.iar.ide.common.PlatformLoggerDelegate | traceFile | 74 | com.iar.cdt.generic.toolchain WARN MBS project not found for project event H7CDC |
| Worker-45: 构建工作空间 | 2024-04-17 15:47:46.357 | com.iar.ide.common | /debug | com.iar.ide.common.PlatformLoggerDelegate | traceFile | 74 | com.iar.cdt.generic.toolchain WARN MBS project not found for project event H7CDC |
| main | 2024-04-17 15:47:50.266 | com.iar.ide.common | /debug | com.iar.ide.common.PlatformLoggerDelegate | traceFile | 74 | com.iar.cdt.generic.toolchain WARN MBS project not found for project event H7CDC |
| main | 2024-04-17 15:47:50.267 | com.iar.ide.common | /debug | com.iar.ide.common.PlatformLoggerDelegate | traceFile | 74 | com.iar.cdt.generic.toolchain WARN MBS project not found for project event H7CDC |
# !SESSION 2024-04-17 16:07:12.540
# version: 1.1
# verbose: true
# The following option strings are specified for this debug session:
# 	null
| main | 2024-04-17 16:07:12.540 | com.iar.ide.common | /debug | com.iar.ide.common.PlatformLoggerDelegate | traceFile | 74 | com.iar.cdt.generic.toolchain WARN MBS project not found for project event H7CDC |
| main | 2024-04-17 16:07:12.542 | com.iar.ide.common | /debug | com.iar.ide.common.PlatformLoggerDelegate | traceFile | 74 | com.iar.cdt.generic.toolchain WARN MBS project not found for project event H7CDC |
| main | 2024-04-17 16:07:12.560 | com.iar.ide.common | /debug | com.iar.ide.common.PlatformLoggerDelegate | traceFile | 74 | com.iar.cdt.generic.toolchain WARN MBS project not found for project event H7CDC |
| main | 2024-04-17 16:07:12.561 | com.iar.ide.common | /debug | com.iar.ide.common.PlatformLoggerDelegate | traceFile | 74 | com.iar.cdt.generic.toolchain WARN MBS project not found for project event H7CDC |
| main | 2024-04-17 16:07:12.570 | com.iar.ide.common | /debug | com.iar.ide.common.PlatformLoggerDelegate | traceFile | 74 | com.iar.cdt.generic.toolchain WARN MBS project not found for project event H7CDC |
| main | 2024-04-17 16:07:12.570 | com.iar.ide.common | /debug | com.iar.ide.common.PlatformLoggerDelegate | traceFile | 74 | com.iar.cdt.generic.toolchain WARN MBS project not found for project event H7CDC |
| Worker-9: 构建工作空间 | 2024-04-17 16:09:19.446 | com.iar.ide.common | /debug | com.iar.ide.common.PlatformLoggerDelegate | traceFile | 74 | com.iar.cdt.generic.toolchain WARN MBS project not found for project event H7CDC |
| Worker-9: 构建工作空间 | 2024-04-17 16:09:19.448 | com.iar.ide.common | /debug | com.iar.ide.common.PlatformLoggerDelegate | traceFile | 74 | com.iar.cdt.generic.toolchain WARN MBS project not found for project event H7CDC |
| Worker-9: 构建工作空间 | 2024-04-17 16:09:19.489 | com.iar.ide.common | /debug | com.iar.ide.common.PlatformLoggerDelegate | traceFile | 74 | com.iar.cdt.generic.toolchain WARN MBS project not found for project event H7CDC |
| Worker-9: 构建工作空间 | 2024-04-17 16:09:19.490 | com.iar.ide.common | /debug | com.iar.ide.common.PlatformLoggerDelegate | traceFile | 74 | com.iar.cdt.generic.toolchain WARN MBS project not found for project event H7CDC |
| Worker-9: 构建工作空间 | 2024-04-17 16:09:19.492 | com.iar.ide.common | /debug | com.iar.ide.common.PlatformLoggerDelegate | traceFile | 74 | com.iar.cdt.generic.toolchain WARN MBS project not found for project event H7CDC |
| Worker-22: 构建工作空间 | 2024-04-17 16:11:14.971 | com.iar.ide.common | /debug | com.iar.ide.common.PlatformLoggerDelegate | traceFile | 74 | com.iar.cdt.generic.toolchain WARN MBS project not found for project event H7CDC |
| Worker-22: 构建工作空间 | 2024-04-17 16:11:14.972 | com.iar.ide.common | /debug | com.iar.ide.common.PlatformLoggerDelegate | traceFile | 74 | com.iar.cdt.generic.toolchain WARN MBS project not found for project event H7CDC |
| Worker-22: 构建工作空间 | 2024-04-17 16:11:14.984 | com.iar.ide.common | /debug | com.iar.ide.common.PlatformLoggerDelegate | traceFile | 74 | com.iar.cdt.generic.toolchain WARN MBS project not found for project event H7CDC |
| Worker-22: 构建工作空间 | 2024-04-17 16:11:14.986 | com.iar.ide.common | /debug | com.iar.ide.common.PlatformLoggerDelegate | traceFile | 74 | com.iar.cdt.generic.toolchain WARN MBS project not found for project event H7CDC |
| Worker-22: 构建工作空间 | 2024-04-17 16:11:14.987 | com.iar.ide.common | /debug | com.iar.ide.common.PlatformLoggerDelegate | traceFile | 74 | com.iar.cdt.generic.toolchain WARN MBS project not found for project event H7CDC |
| Worker-20: 构建工作空间 | 2024-04-17 16:12:07.540 | com.iar.ide.common | /debug | com.iar.ide.common.PlatformLoggerDelegate | traceFile | 74 | com.iar.cdt.generic.toolchain WARN MBS project not found for project event H7CDC |
| Worker-20: 构建工作空间 | 2024-04-17 16:12:07.543 | com.iar.ide.common | /debug | com.iar.ide.common.PlatformLoggerDelegate | traceFile | 74 | com.iar.cdt.generic.toolchain WARN MBS project not found for project event H7CDC |
| Worker-20: 构建工作空间 | 2024-04-17 16:12:07.550 | com.iar.ide.common | /debug | com.iar.ide.common.PlatformLoggerDelegate | traceFile | 74 | com.iar.cdt.generic.toolchain WARN MBS project not found for project event H7CDC |
| Worker-20: 构建工作空间 | 2024-04-17 16:12:07.551 | com.iar.ide.common | /debug | com.iar.ide.common.PlatformLoggerDelegate | traceFile | 74 | com.iar.cdt.generic.toolchain WARN MBS project not found for project event H7CDC |
| Worker-20: 构建工作空间 | 2024-04-17 16:12:07.553 | com.iar.ide.common | /debug | com.iar.ide.common.PlatformLoggerDelegate | traceFile | 74 | com.iar.cdt.generic.toolchain WARN MBS project not found for project event H7CDC |
| Worker-26: 构建工作空间 | 2024-04-17 16:15:21.814 | com.iar.ide.common | /debug | com.iar.ide.common.PlatformLoggerDelegate | traceFile | 74 | com.iar.cdt.generic.toolchain WARN MBS project not found for project event H7CDC |
| Worker-26: 构建工作空间 | 2024-04-17 16:15:21.815 | com.iar.ide.common | /debug | com.iar.ide.common.PlatformLoggerDelegate | traceFile | 74 | com.iar.cdt.generic.toolchain WARN MBS project not found for project event H7CDC |
| Worker-26: 构建工作空间 | 2024-04-17 16:15:21.822 | com.iar.ide.common | /debug | com.iar.ide.common.PlatformLoggerDelegate | traceFile | 74 | com.iar.cdt.generic.toolchain WARN MBS project not found for project event H7CDC |
| Worker-26: 构建工作空间 | 2024-04-17 16:15:21.824 | com.iar.ide.common | /debug | com.iar.ide.common.PlatformLoggerDelegate | traceFile | 74 | com.iar.cdt.generic.toolchain WARN MBS project not found for project event H7CDC |
| Worker-26: 构建工作空间 | 2024-04-17 16:15:21.825 | com.iar.ide.common | /debug | com.iar.ide.common.PlatformLoggerDelegate | traceFile | 74 | com.iar.cdt.generic.toolchain WARN MBS project not found for project event H7CDC |
| Worker-25: 打开项目 | 2024-04-17 16:20:05.970 | com.iar.ide.common | /debug | com.iar.ide.common.PlatformLoggerDelegate | traceFile | 74 | com.iar.cdt.generic.toolchain WARN MBS project not found for project event H7CDC |
| Worker-25: 打开项目 | 2024-04-17 16:20:05.972 | com.iar.ide.common | /debug | com.iar.ide.common.PlatformLoggerDelegate | traceFile | 74 | com.iar.cdt.generic.toolchain WARN MBS project not found for project event H7CDC |
| main | 2024-04-17 16:20:05.984 | com.iar.ide.common | /debug | com.iar.ide.common.PlatformLoggerDelegate | traceFile | 74 | com.iar.cdt.generic.toolchain WARN MBS project not found for project event H7CDC |
| Worker-25: 打开项目 | 2024-04-17 16:20:05.985 | com.iar.ide.common | /debug | com.iar.ide.common.PlatformLoggerDelegate | traceFile | 74 | com.iar.cdt.generic.toolchain WARN MBS project not found for project event H7CDC |
| main | 2024-04-17 16:20:05.986 | com.iar.ide.common | /debug | com.iar.ide.common.PlatformLoggerDelegate | traceFile | 74 | com.iar.cdt.generic.toolchain WARN MBS project not found for project event H7CDC |
| Worker-25: 打开项目 | 2024-04-17 16:20:05.987 | com.iar.ide.common | /debug | com.iar.ide.common.PlatformLoggerDelegate | traceFile | 74 | com.iar.cdt.generic.toolchain WARN MBS project not found for project event H7CDC |
| Worker-25: 打开项目 | 2024-04-17 16:20:05.989 | com.iar.ide.common | /debug | com.iar.ide.common.PlatformLoggerDelegate | traceFile | 74 | com.iar.cdt.generic.toolchain WARN MBS project not found for project event H7CDC |
| Worker-25: 打开项目 | 2024-04-17 16:20:05.990 | com.iar.ide.common | /debug | com.iar.ide.common.PlatformLoggerDelegate | traceFile | 74 | com.iar.cdt.generic.toolchain WARN MBS project not found for project event H7CDC |
| main | 2024-04-17 16:20:14.022 | com.iar.ide.common | /debug | com.iar.ide.common.PlatformLoggerDelegate | traceFile | 74 | com.iar.cdt.generic.toolchain WARN MBS project not found for project event H7CDC |
| main | 2024-04-17 16:20:14.023 | com.iar.ide.common | /debug | com.iar.ide.common.PlatformLoggerDelegate | traceFile | 74 | com.iar.cdt.generic.toolchain WARN MBS project not found for project event H7CDC |
| Worker-29: 构建工作空间 | 2024-04-17 16:21:32.605 | com.iar.ide.common | /debug | com.iar.ide.common.PlatformLoggerDelegate | traceFile | 74 | com.iar.cdt.generic.toolchain WARN MBS project not found for project event H7CDC |
| Worker-29: 构建工作空间 | 2024-04-17 16:21:32.606 | com.iar.ide.common | /debug | com.iar.ide.common.PlatformLoggerDelegate | traceFile | 74 | com.iar.cdt.generic.toolchain WARN MBS project not found for project event H7CDC |
| Worker-29: 构建工作空间 | 2024-04-17 16:21:32.613 | com.iar.ide.common | /debug | com.iar.ide.common.PlatformLoggerDelegate | traceFile | 74 | com.iar.cdt.generic.toolchain WARN MBS project not found for project event H7CDC |
| Worker-29: 构建工作空间 | 2024-04-17 16:21:32.614 | com.iar.ide.common | /debug | com.iar.ide.common.PlatformLoggerDelegate | traceFile | 74 | com.iar.cdt.generic.toolchain WARN MBS project not found for project event H7CDC |
| Worker-29: 构建工作空间 | 2024-04-17 16:21:32.615 | com.iar.ide.common | /debug | com.iar.ide.common.PlatformLoggerDelegate | traceFile | 74 | com.iar.cdt.generic.toolchain WARN MBS project not found for project event H7CDC |
| Worker-31: 构建工作空间 | 2024-04-17 16:25:50.462 | com.iar.ide.common | /debug | com.iar.ide.common.PlatformLoggerDelegate | traceFile | 74 | com.iar.cdt.generic.toolchain WARN MBS project not found for project event H7CDC |
| Worker-31: 构建工作空间 | 2024-04-17 16:25:50.463 | com.iar.ide.common | /debug | com.iar.ide.common.PlatformLoggerDelegate | traceFile | 74 | com.iar.cdt.generic.toolchain WARN MBS project not found for project event H7CDC |
| Worker-31: 构建工作空间 | 2024-04-17 16:25:50.480 | com.iar.ide.common | /debug | com.iar.ide.common.PlatformLoggerDelegate | traceFile | 74 | com.iar.cdt.generic.toolchain WARN MBS project not found for project event H7CDC |
| Worker-31: 构建工作空间 | 2024-04-17 16:25:50.481 | com.iar.ide.common | /debug | com.iar.ide.common.PlatformLoggerDelegate | traceFile | 74 | com.iar.cdt.generic.toolchain WARN MBS project not found for project event H7CDC |
| Worker-31: 构建工作空间 | 2024-04-17 16:25:50.482 | com.iar.ide.common | /debug | com.iar.ide.common.PlatformLoggerDelegate | traceFile | 74 | com.iar.cdt.generic.toolchain WARN MBS project not found for project event H7CDC |
| Worker-41: 打开项目 | 2024-04-17 16:39:42.328 | com.iar.ide.common | /debug | com.iar.ide.common.PlatformLoggerDelegate | traceFile | 74 | com.iar.cdt.generic.toolchain WARN MBS project not found for project event H7CDC |
| Worker-41: 打开项目 | 2024-04-17 16:39:42.330 | com.iar.ide.common | /debug | com.iar.ide.common.PlatformLoggerDelegate | traceFile | 74 | com.iar.cdt.generic.toolchain WARN MBS project not found for project event H7CDC |
| main | 2024-04-17 16:39:42.342 | com.iar.ide.common | /debug | com.iar.ide.common.PlatformLoggerDelegate | traceFile | 74 | com.iar.cdt.generic.toolchain WARN MBS project not found for project event H7CDC |
| main | 2024-04-17 16:39:42.344 | com.iar.ide.common | /debug | com.iar.ide.common.PlatformLoggerDelegate | traceFile | 74 | com.iar.cdt.generic.toolchain WARN MBS project not found for project event H7CDC |
| Worker-41: 打开项目 | 2024-04-17 16:39:42.345 | com.iar.ide.common | /debug | com.iar.ide.common.PlatformLoggerDelegate | traceFile | 74 | com.iar.cdt.generic.toolchain WARN MBS project not found for project event H7CDC |
| Worker-41: 打开项目 | 2024-04-17 16:39:42.348 | com.iar.ide.common | /debug | com.iar.ide.common.PlatformLoggerDelegate | traceFile | 74 | com.iar.cdt.generic.toolchain WARN MBS project not found for project event H7CDC |
| Worker-41: 打开项目 | 2024-04-17 16:39:42.349 | com.iar.ide.common | /debug | com.iar.ide.common.PlatformLoggerDelegate | traceFile | 74 | com.iar.cdt.generic.toolchain WARN MBS project not found for project event H7CDC |
| Worker-41: 打开项目 | 2024-04-17 16:39:42.350 | com.iar.ide.common | /debug | com.iar.ide.common.PlatformLoggerDelegate | traceFile | 74 | com.iar.cdt.generic.toolchain WARN MBS project not found for project event H7CDC |
| Worker-40: 构建工作空间 | 2024-04-17 16:40:46.769 | com.iar.ide.common | /debug | com.iar.ide.common.PlatformLoggerDelegate | traceFile | 74 | com.iar.cdt.generic.toolchain WARN MBS project not found for project event H7CDC |
| Worker-40: 构建工作空间 | 2024-04-17 16:40:46.771 | com.iar.ide.common | /debug | com.iar.ide.common.PlatformLoggerDelegate | traceFile | 74 | com.iar.cdt.generic.toolchain WARN MBS project not found for project event H7CDC |
| Worker-40: 构建工作空间 | 2024-04-17 16:40:46.782 | com.iar.ide.common | /debug | com.iar.ide.common.PlatformLoggerDelegate | traceFile | 74 | com.iar.cdt.generic.toolchain WARN MBS project not found for project event H7CDC |
| Worker-40: 构建工作空间 | 2024-04-17 16:40:46.784 | com.iar.ide.common | /debug | com.iar.ide.common.PlatformLoggerDelegate | traceFile | 74 | com.iar.cdt.generic.toolchain WARN MBS project not found for project event H7CDC |
| Worker-40: 构建工作空间 | 2024-04-17 16:40:46.786 | com.iar.ide.common | /debug | com.iar.ide.common.PlatformLoggerDelegate | traceFile | 74 | com.iar.cdt.generic.toolchain WARN MBS project not found for project event H7CDC |
# !SESSION 2024-04-26 15:29:52.531
# version: 1.1
# verbose: true
# The following option strings are specified for this debug session:
# 	null
| Worker-21: 正在刷新工作空间 | 2024-04-26 15:29:52.531 | com.iar.ide.common | /debug | com.iar.ide.common.PlatformLoggerDelegate | traceFile | 74 | com.iar.cdt.generic.toolchain WARN MBS project not found for project event H7CDC |
| Worker-21: 正在刷新工作空间 | 2024-04-26 15:29:52.537 | com.iar.ide.common | /debug | com.iar.ide.common.PlatformLoggerDelegate | traceFile | 74 | com.iar.cdt.generic.toolchain WARN MBS project not found for project event H7CDC |
| Worker-21: 正在刷新工作空间 | 2024-04-26 15:29:52.570 | com.iar.ide.common | /debug | com.iar.ide.common.PlatformLoggerDelegate | traceFile | 74 | com.iar.cdt.generic.toolchain WARN MBS project not found for project event H7CDC |
| Worker-21: 正在刷新工作空间 | 2024-04-26 15:29:52.572 | com.iar.ide.common | /debug | com.iar.ide.common.PlatformLoggerDelegate | traceFile | 74 | com.iar.cdt.generic.toolchain WARN MBS project not found for project event H7CDC |
| Worker-21: 正在刷新工作空间 | 2024-04-26 15:29:52.575 | com.iar.ide.common | /debug | com.iar.ide.common.PlatformLoggerDelegate | traceFile | 74 | com.iar.cdt.generic.toolchain WARN MBS project not found for project event H7CDC |
| Worker-21: 正在刷新工作空间 | 2024-04-26 15:29:52.577 | com.iar.ide.common | /debug | com.iar.ide.common.PlatformLoggerDelegate | traceFile | 74 | com.iar.cdt.generic.toolchain WARN MBS project not found for project event H7CDC |
| Worker-26: Serializing CDT Project settings..  | 2024-04-26 15:30:29.832 | com.iar.ide.common | /debug | com.iar.ide.common.PlatformLoggerDelegate | traceFile | 74 | com.iar.cdt.generic.toolchain WARN MBS project not found for project event H7CDC |
| Worker-26: Serializing CDT Project settings..  | 2024-04-26 15:30:29.833 | com.iar.ide.common | /debug | com.iar.ide.common.PlatformLoggerDelegate | traceFile | 74 | com.iar.cdt.generic.toolchain WARN MBS project not found for project event H7CDC |
| Worker-23: 构建工作空间 | 2024-04-26 15:30:39.626 | com.iar.ide.common | /debug | com.iar.ide.common.PlatformLoggerDelegate | traceFile | 74 | com.iar.cdt.generic.toolchain WARN MBS project not found for project event H7CDC |
| Worker-23: 构建工作空间 | 2024-04-26 15:30:39.630 | com.iar.ide.common | /debug | com.iar.ide.common.PlatformLoggerDelegate | traceFile | 74 | com.iar.cdt.generic.toolchain WARN MBS project not found for project event H7CDC |
| Worker-23: 构建工作空间 | 2024-04-26 15:30:39.659 | com.iar.ide.common | /debug | com.iar.ide.common.PlatformLoggerDelegate | traceFile | 74 | com.iar.cdt.generic.toolchain WARN MBS project not found for project event H7CDC |
| Worker-23: 构建工作空间 | 2024-04-26 15:30:39.662 | com.iar.ide.common | /debug | com.iar.ide.common.PlatformLoggerDelegate | traceFile | 74 | com.iar.cdt.generic.toolchain WARN MBS project not found for project event H7CDC |
| Worker-23: 构建工作空间 | 2024-04-26 15:30:39.663 | com.iar.ide.common | /debug | com.iar.ide.common.PlatformLoggerDelegate | traceFile | 74 | com.iar.cdt.generic.toolchain WARN MBS project not found for project event H7CDC |
| main | 2024-04-26 15:31:23.628 | com.iar.ide.common | /debug | com.iar.ide.common.PlatformLoggerDelegate | traceFile | 74 | com.iar.cdt.generic.toolchain WARN MBS project not found for project event H7CDC |
| main | 2024-04-26 15:31:23.629 | com.iar.ide.common | /debug | com.iar.ide.common.PlatformLoggerDelegate | traceFile | 74 | com.iar.cdt.generic.toolchain WARN MBS project not found for project event H7CDC |
| main | 2024-04-26 15:43:53.982 | com.iar.ide.common | /debug | com.iar.ide.common.PlatformLoggerDelegate | traceFile | 74 | com.iar.cdt.generic.toolchain WARN MBS project not found for project event H7CDC |
| main | 2024-04-26 15:43:53.984 | com.iar.ide.common | /debug | com.iar.ide.common.PlatformLoggerDelegate | traceFile | 74 | com.iar.cdt.generic.toolchain WARN MBS project not found for project event H7CDC |
| Worker-34: 打开项目 | 2024-04-26 15:59:03.701 | com.iar.ide.common | /debug | com.iar.ide.common.PlatformLoggerDelegate | traceFile | 74 | com.iar.cdt.generic.toolchain WARN MBS project not found for project event H7CDC |
| Worker-34: 打开项目 | 2024-04-26 15:59:03.702 | com.iar.ide.common | /debug | com.iar.ide.common.PlatformLoggerDelegate | traceFile | 74 | com.iar.cdt.generic.toolchain WARN MBS project not found for project event H7CDC |
| Worker-34: 打开项目 | 2024-04-26 15:59:03.717 | com.iar.ide.common | /debug | com.iar.ide.common.PlatformLoggerDelegate | traceFile | 74 | com.iar.cdt.generic.toolchain WARN MBS project not found for project event H7CDC |
| main | 2024-04-26 15:59:03.718 | com.iar.ide.common | /debug | com.iar.ide.common.PlatformLoggerDelegate | traceFile | 74 | com.iar.cdt.generic.toolchain WARN MBS project not found for project event H7CDC |
| main | 2024-04-26 15:59:03.720 | com.iar.ide.common | /debug | com.iar.ide.common.PlatformLoggerDelegate | traceFile | 74 | com.iar.cdt.generic.toolchain WARN MBS project not found for project event H7CDC |
| Worker-34: 打开项目 | 2024-04-26 15:59:03.721 | com.iar.ide.common | /debug | com.iar.ide.common.PlatformLoggerDelegate | traceFile | 74 | com.iar.cdt.generic.toolchain WARN MBS project not found for project event H7CDC |
| Worker-34: 打开项目 | 2024-04-26 15:59:03.724 | com.iar.ide.common | /debug | com.iar.ide.common.PlatformLoggerDelegate | traceFile | 74 | com.iar.cdt.generic.toolchain WARN MBS project not found for project event H7CDC |
| Worker-34: 打开项目 | 2024-04-26 15:59:03.737 | com.iar.ide.common | /debug | com.iar.ide.common.PlatformLoggerDelegate | traceFile | 74 | com.iar.cdt.generic.toolchain WARN MBS project not found for project event H7CDC |
